<?xml version="1.0" encoding="UTF-8"?>
<!-- Generated by org.testng.reporters.JUnitReportReporter -->
<testsuite hostname="Server-Admin" name="HeyxTesting.Dynamics.ProjectRole" tests="2" failures="0" timestamp="16 Jan 2017 12:10:22 GMT" time="8.331" errors="0">
  <testcase name="referenced" time="3.812" classname="HeyxTesting.Dynamics.ProjectRole"/>
  <testcase name="authenticate" time="4.519" classname="HeyxTesting.Dynamics.ProjectRole"/>
</testsuite> <!-- HeyxTesting.Dynamics.ProjectRole -->
