<?xml version="1.0" encoding="UTF-8"?>
<!-- Generated by org.testng.reporters.JUnitReportReporter -->
<testsuite hostname="Server-Admin" name="HeyxTesting.Dynamics.Approval" tests="7" failures="0" timestamp="23 Jan 2017 12:09:58 GMT" time="18.896" errors="0">
  <testcase name="search" time="2.090" classname="HeyxTesting.Dynamics.Approval"/>
  <testcase name="select" time="0.202" classname="HeyxTesting.Dynamics.Approval"/>
  <testcase name="checkApp" time="5.104" classname="HeyxTesting.Dynamics.Approval"/>
  <testcase name="search" time="2.081" classname="HeyxTesting.Dynamics.Approval"/>
  <testcase name="search" time="2.104" classname="HeyxTesting.Dynamics.Approval"/>
  <testcase name="alignment" time="2.240" classname="HeyxTesting.Dynamics.Approval"/>
  <testcase name="authenticate" time="5.075" classname="HeyxTesting.Dynamics.Approval"/>
</testsuite> <!-- HeyxTesting.Dynamics.Approval -->
